{"D:\\retos\\reto-servlees-swapi\\src\\app\\handlers\\appointment\\appointment_cl.ts": {"path":"D:\\retos\\reto-servlees-swapi\\src\\app\\handlers\\appointment\\appointment_cl.ts","all":false,"statementMap":{"0":{"start":{"line":1,"column":0},"end":{"line":1,"column":50}},"1":{"start":{"line":2,"column":0},"end":{"line":2,"column":26}},"2":{"start":{"line":3,"column":0},"end":{"line":3,"column":58}},"3":{"start":{"line":4,"column":0},"end":{"line":4,"column":125}},"4":{"start":{"line":5,"column":0},"end":{"line":5,"column":93}},"5":{"start":{"line":6,"column":0},"end":{"line":6,"column":0}},"6":{"start":{"line":7,"column":0},"end":{"line":7,"column":78}},"7":{"start":{"line":8,"column":0},"end":{"line":8,"column":9}},"8":{"start":{"line":9,"column":0},"end":{"line":9,"column":71}},"9":{"start":{"line":10,"column":0},"end":{"line":10,"column":76}},"10":{"start":{"line":11,"column":0},"end":{"line":11,"column":8}},"11":{"start":{"line":12,"column":0},"end":{"line":12,"column":111}},"12":{"start":{"line":13,"column":0},"end":{"line":13,"column":8}},"13":{"start":{"line":14,"column":0},"end":{"line":14,"column":43}},"14":{"start":{"line":15,"column":0},"end":{"line":15,"column":45}},"15":{"start":{"line":16,"column":0},"end":{"line":16,"column":66}},"16":{"start":{"line":17,"column":0},"end":{"line":17,"column":12}},"17":{"start":{"line":18,"column":0},"end":{"line":18,"column":72}},"18":{"start":{"line":19,"column":0},"end":{"line":19,"column":67}},"19":{"start":{"line":20,"column":0},"end":{"line":20,"column":44}},"20":{"start":{"line":21,"column":0},"end":{"line":21,"column":45}},"21":{"start":{"line":22,"column":0},"end":{"line":22,"column":15}},"22":{"start":{"line":23,"column":0},"end":{"line":23,"column":12}},"23":{"start":{"line":24,"column":0},"end":{"line":24,"column":70}},"24":{"start":{"line":25,"column":0},"end":{"line":25,"column":65}},"25":{"start":{"line":26,"column":0},"end":{"line":26,"column":9}},"26":{"start":{"line":27,"column":0},"end":{"line":27,"column":8}},"27":{"start":{"line":28,"column":0},"end":{"line":28,"column":68}},"28":{"start":{"line":29,"column":0},"end":{"line":29,"column":1}},"29":{"start":{"line":30,"column":0},"end":{"line":30,"column":21}},"30":{"start":{"line":31,"column":0},"end":{"line":31,"column":66}},"31":{"start":{"line":32,"column":0},"end":{"line":32,"column":73}},"32":{"start":{"line":33,"column":0},"end":{"line":33,"column":21}},"33":{"start":{"line":34,"column":0},"end":{"line":34,"column":5}},"34":{"start":{"line":35,"column":0},"end":{"line":35,"column":2}}},"s":{"0":1,"1":1,"2":1,"3":1,"4":1,"5":1,"6":1,"7":7,"8":7,"9":7,"10":7,"11":7,"12":7,"13":7,"14":7,"15":6,"16":6,"17":6,"18":6,"19":6,"20":6,"21":6,"22":6,"23":6,"24":6,"25":4,"26":4,"27":4,"28":4,"29":7,"30":3,"31":3,"32":3,"33":3,"34":7},"branchMap":{"0":{"type":"branch","line":7,"loc":{"start":{"line":7,"column":35},"end":{"line":35,"column":2}},"locations":[{"start":{"line":7,"column":35},"end":{"line":35,"column":2}}]},"1":{"type":"branch","line":7,"loc":{"start":{"line":7,"column":76},"end":{"line":35,"column":2}},"locations":[{"start":{"line":7,"column":76},"end":{"line":35,"column":2}}]},"2":{"type":"branch","line":15,"loc":{"start":{"line":15,"column":44},"end":{"line":26,"column":9}},"locations":[{"start":{"line":15,"column":44},"end":{"line":26,"column":9}}]},"3":{"type":"branch","line":26,"loc":{"start":{"line":26,"column":-2},"end":{"line":26,"column":9}},"locations":[{"start":{"line":26,"column":-2},"end":{"line":26,"column":9}}]},"4":{"type":"branch","line":27,"loc":{"start":{"line":27,"column":-2},"end":{"line":30,"column":13}},"locations":[{"start":{"line":27,"column":-2},"end":{"line":30,"column":13}}]},"5":{"type":"branch","line":30,"loc":{"start":{"line":30,"column":6},"end":{"line":34,"column":5}},"locations":[{"start":{"line":30,"column":6},"end":{"line":34,"column":5}}]}},"b":{"0":[7],"1":[7],"2":[6],"3":[4],"4":[4],"5":[3]},"fnMap":{"0":{"name":"handler","decl":{"start":{"line":7,"column":35},"end":{"line":35,"column":2}},"loc":{"start":{"line":7,"column":35},"end":{"line":35,"column":2}},"line":7}},"f":{"0":7}}
,"D:\\retos\\reto-servlees-swapi\\src\\app\\handlers\\appointment\\appointment_completed.ts": {"path":"D:\\retos\\reto-servlees-swapi\\src\\app\\handlers\\appointment\\appointment_completed.ts","all":false,"statementMap":{"0":{"start":{"line":1,"column":0},"end":{"line":1,"column":50}},"1":{"start":{"line":2,"column":0},"end":{"line":2,"column":26}},"2":{"start":{"line":3,"column":0},"end":{"line":3,"column":58}},"3":{"start":{"line":4,"column":0},"end":{"line":4,"column":131}},"4":{"start":{"line":5,"column":0},"end":{"line":5,"column":0}},"5":{"start":{"line":6,"column":0},"end":{"line":6,"column":3}},"6":{"start":{"line":7,"column":0},"end":{"line":7,"column":78}},"7":{"start":{"line":8,"column":0},"end":{"line":8,"column":63}},"8":{"start":{"line":9,"column":0},"end":{"line":9,"column":3}},"9":{"start":{"line":10,"column":0},"end":{"line":10,"column":78}},"10":{"start":{"line":11,"column":0},"end":{"line":11,"column":9}},"11":{"start":{"line":12,"column":0},"end":{"line":12,"column":74}},"12":{"start":{"line":13,"column":0},"end":{"line":13,"column":81}},"13":{"start":{"line":14,"column":0},"end":{"line":14,"column":8}},"14":{"start":{"line":15,"column":0},"end":{"line":15,"column":118}},"15":{"start":{"line":16,"column":0},"end":{"line":16,"column":8}},"16":{"start":{"line":17,"column":0},"end":{"line":17,"column":48}},"17":{"start":{"line":18,"column":0},"end":{"line":18,"column":45}},"18":{"start":{"line":19,"column":0},"end":{"line":19,"column":70}},"19":{"start":{"line":20,"column":0},"end":{"line":20,"column":12}},"20":{"start":{"line":21,"column":0},"end":{"line":21,"column":17}},"21":{"start":{"line":22,"column":0},"end":{"line":22,"column":74}},"22":{"start":{"line":23,"column":0},"end":{"line":23,"column":67}},"23":{"start":{"line":24,"column":0},"end":{"line":24,"column":16}},"24":{"start":{"line":25,"column":0},"end":{"line":25,"column":91}},"25":{"start":{"line":26,"column":0},"end":{"line":26,"column":16}},"26":{"start":{"line":27,"column":0},"end":{"line":27,"column":86}},"27":{"start":{"line":28,"column":0},"end":{"line":28,"column":16}},"28":{"start":{"line":29,"column":0},"end":{"line":29,"column":35}},"29":{"start":{"line":30,"column":0},"end":{"line":30,"column":76}},"30":{"start":{"line":31,"column":0},"end":{"line":31,"column":48}},"31":{"start":{"line":32,"column":0},"end":{"line":32,"column":100}},"32":{"start":{"line":33,"column":0},"end":{"line":33,"column":37}},"33":{"start":{"line":34,"column":0},"end":{"line":34,"column":19}},"34":{"start":{"line":35,"column":0},"end":{"line":35,"column":13}},"35":{"start":{"line":36,"column":0},"end":{"line":36,"column":9}},"36":{"start":{"line":37,"column":0},"end":{"line":37,"column":8}},"37":{"start":{"line":38,"column":0},"end":{"line":38,"column":71}},"38":{"start":{"line":39,"column":0},"end":{"line":39,"column":8}},"39":{"start":{"line":40,"column":0},"end":{"line":40,"column":21}},"40":{"start":{"line":41,"column":0},"end":{"line":41,"column":74}},"41":{"start":{"line":42,"column":0},"end":{"line":42,"column":76}},"42":{"start":{"line":43,"column":0},"end":{"line":43,"column":21}},"43":{"start":{"line":44,"column":0},"end":{"line":44,"column":5}},"44":{"start":{"line":45,"column":0},"end":{"line":45,"column":2}}},"s":{"0":1,"1":1,"2":1,"3":1,"4":1,"5":1,"6":1,"7":1,"8":1,"9":1,"10":9,"11":9,"12":9,"13":9,"14":9,"15":9,"16":9,"17":9,"18":9,"19":9,"20":9,"21":9,"22":9,"23":9,"24":9,"25":6,"26":6,"27":6,"28":9,"29":3,"30":3,"31":3,"32":3,"33":3,"34":3,"35":9,"36":8,"37":8,"38":8,"39":9,"40":1,"41":1,"42":1,"43":1,"44":9},"branchMap":{"0":{"type":"branch","line":10,"loc":{"start":{"line":10,"column":35},"end":{"line":45,"column":2}},"locations":[{"start":{"line":10,"column":35},"end":{"line":45,"column":2}}]},"1":{"type":"branch","line":10,"loc":{"start":{"line":10,"column":76},"end":{"line":45,"column":2}},"locations":[{"start":{"line":10,"column":76},"end":{"line":45,"column":2}}]},"2":{"type":"branch","line":26,"loc":{"start":{"line":26,"column":-2},"end":{"line":29,"column":21}},"locations":[{"start":{"line":26,"column":-2},"end":{"line":29,"column":21}}]},"3":{"type":"branch","line":29,"loc":{"start":{"line":29,"column":14},"end":{"line":35,"column":13}},"locations":[{"start":{"line":29,"column":14},"end":{"line":35,"column":13}}]},"4":{"type":"branch","line":32,"loc":{"start":{"line":32,"column":56},"end":{"line":32,"column":77}},"locations":[{"start":{"line":32,"column":56},"end":{"line":32,"column":77}}]},"5":{"type":"branch","line":32,"loc":{"start":{"line":32,"column":78},"end":{"line":32,"column":99}},"locations":[{"start":{"line":32,"column":78},"end":{"line":32,"column":99}}]},"6":{"type":"branch","line":37,"loc":{"start":{"line":37,"column":-2},"end":{"line":40,"column":13}},"locations":[{"start":{"line":37,"column":-2},"end":{"line":40,"column":13}}]},"7":{"type":"branch","line":40,"loc":{"start":{"line":40,"column":6},"end":{"line":44,"column":5}},"locations":[{"start":{"line":40,"column":6},"end":{"line":44,"column":5}}]}},"b":{"0":[9],"1":[9],"2":[6],"3":[3],"4":[2],"5":[1],"6":[8],"7":[1]},"fnMap":{"0":{"name":"handler","decl":{"start":{"line":10,"column":35},"end":{"line":45,"column":2}},"loc":{"start":{"line":10,"column":35},"end":{"line":45,"column":2}},"line":10}},"f":{"0":9}}
,"D:\\retos\\reto-servlees-swapi\\src\\app\\handlers\\appointment\\appointment_pe.ts": {"path":"D:\\retos\\reto-servlees-swapi\\src\\app\\handlers\\appointment\\appointment_pe.ts","all":false,"statementMap":{"0":{"start":{"line":1,"column":0},"end":{"line":1,"column":50}},"1":{"start":{"line":2,"column":0},"end":{"line":2,"column":26}},"2":{"start":{"line":3,"column":0},"end":{"line":3,"column":58}},"3":{"start":{"line":4,"column":0},"end":{"line":4,"column":125}},"4":{"start":{"line":5,"column":0},"end":{"line":5,"column":93}},"5":{"start":{"line":6,"column":0},"end":{"line":6,"column":0}},"6":{"start":{"line":7,"column":0},"end":{"line":7,"column":78}},"7":{"start":{"line":8,"column":0},"end":{"line":8,"column":9}},"8":{"start":{"line":9,"column":0},"end":{"line":9,"column":70}},"9":{"start":{"line":10,"column":0},"end":{"line":10,"column":76}},"10":{"start":{"line":11,"column":0},"end":{"line":11,"column":8}},"11":{"start":{"line":12,"column":0},"end":{"line":12,"column":110}},"12":{"start":{"line":13,"column":0},"end":{"line":13,"column":8}},"13":{"start":{"line":14,"column":0},"end":{"line":14,"column":43}},"14":{"start":{"line":15,"column":0},"end":{"line":15,"column":45}},"15":{"start":{"line":16,"column":0},"end":{"line":16,"column":78}},"16":{"start":{"line":17,"column":0},"end":{"line":17,"column":72}},"17":{"start":{"line":18,"column":0},"end":{"line":18,"column":65}},"18":{"start":{"line":19,"column":0},"end":{"line":19,"column":16}},"19":{"start":{"line":20,"column":0},"end":{"line":20,"column":67}},"20":{"start":{"line":21,"column":0},"end":{"line":21,"column":8}},"21":{"start":{"line":22,"column":0},"end":{"line":22,"column":21}},"22":{"start":{"line":23,"column":0},"end":{"line":23,"column":66}},"23":{"start":{"line":24,"column":0},"end":{"line":24,"column":72}},"24":{"start":{"line":25,"column":0},"end":{"line":25,"column":20}},"25":{"start":{"line":26,"column":0},"end":{"line":26,"column":5}},"26":{"start":{"line":27,"column":0},"end":{"line":27,"column":2}}},"s":{"0":1,"1":1,"2":1,"3":1,"4":1,"5":1,"6":1,"7":9,"8":9,"9":9,"10":9,"11":9,"12":9,"13":9,"14":9,"15":10,"16":10,"17":10,"18":9,"19":5,"20":5,"21":9,"22":4,"23":4,"24":4,"25":4,"26":9},"branchMap":{"0":{"type":"branch","line":7,"loc":{"start":{"line":7,"column":35},"end":{"line":27,"column":2}},"locations":[{"start":{"line":7,"column":35},"end":{"line":27,"column":2}}]},"1":{"type":"branch","line":7,"loc":{"start":{"line":7,"column":76},"end":{"line":27,"column":2}},"locations":[{"start":{"line":7,"column":76},"end":{"line":27,"column":2}}]},"2":{"type":"branch","line":15,"loc":{"start":{"line":15,"column":44},"end":{"line":19,"column":9}},"locations":[{"start":{"line":15,"column":44},"end":{"line":19,"column":9}}]},"3":{"type":"branch","line":19,"loc":{"start":{"line":19,"column":-2},"end":{"line":19,"column":9}},"locations":[{"start":{"line":19,"column":-2},"end":{"line":19,"column":9}}]},"4":{"type":"branch","line":19,"loc":{"start":{"line":19,"column":9},"end":{"line":22,"column":13}},"locations":[{"start":{"line":19,"column":9},"end":{"line":22,"column":13}}]},"5":{"type":"branch","line":22,"loc":{"start":{"line":22,"column":6},"end":{"line":26,"column":5}},"locations":[{"start":{"line":22,"column":6},"end":{"line":26,"column":5}}]}},"b":{"0":[9],"1":[9],"2":[10],"3":[7],"4":[5],"5":[4]},"fnMap":{"0":{"name":"handler","decl":{"start":{"line":7,"column":35},"end":{"line":27,"column":2}},"loc":{"start":{"line":7,"column":35},"end":{"line":27,"column":2}},"line":7}},"f":{"0":9}}
}
