TN:
SF:src\app\handlers\appointment\appointment_cl.ts
FN:7,handler
FNF:1
FNH:1
FNDA:7,handler
DA:1,1
DA:2,1
DA:3,1
DA:4,1
DA:5,1
DA:6,1
DA:7,1
DA:8,7
DA:9,7
DA:10,7
DA:11,7
DA:12,7
DA:13,7
DA:14,7
DA:15,7
DA:16,6
DA:17,6
DA:18,6
DA:19,6
DA:20,6
DA:21,6
DA:22,6
DA:23,6
DA:24,6
DA:25,6
DA:26,4
DA:27,4
DA:28,4
DA:29,4
DA:30,7
DA:31,3
DA:32,3
DA:33,3
DA:34,3
DA:35,7
LF:35
LH:35
BRDA:7,0,0,7
BRDA:7,1,0,7
BRDA:15,2,0,6
BRDA:26,3,0,4
BRDA:27,4,0,4
BRDA:30,5,0,3
BRF:6
BRH:6
end_of_record
TN:
SF:src\app\handlers\appointment\appointment_completed.ts
FN:10,handler
FNF:1
FNH:1
FNDA:9,handler
DA:1,1
DA:2,1
DA:3,1
DA:4,1
DA:5,1
DA:6,1
DA:7,1
DA:8,1
DA:9,1
DA:10,1
DA:11,9
DA:12,9
DA:13,9
DA:14,9
DA:15,9
DA:16,9
DA:17,9
DA:18,9
DA:19,9
DA:20,9
DA:21,9
DA:22,9
DA:23,9
DA:24,9
DA:25,9
DA:26,6
DA:27,6
DA:28,6
DA:29,9
DA:30,3
DA:31,3
DA:32,3
DA:33,3
DA:34,3
DA:35,3
DA:36,9
DA:37,8
DA:38,8
DA:39,8
DA:40,9
DA:41,1
DA:42,1
DA:43,1
DA:44,1
DA:45,9
LF:45
LH:45
BRDA:10,0,0,9
BRDA:10,1,0,9
BRDA:26,2,0,6
BRDA:29,3,0,3
BRDA:32,4,0,2
BRDA:32,5,0,1
BRDA:37,6,0,8
BRDA:40,7,0,1
BRF:8
BRH:8
end_of_record
TN:
SF:src\app\handlers\appointment\appointment_pe.ts
FN:7,handler
FNF:1
FNH:1
FNDA:9,handler
DA:1,1
DA:2,1
DA:3,1
DA:4,1
DA:5,1
DA:6,1
DA:7,1
DA:8,9
DA:9,9
DA:10,9
DA:11,9
DA:12,9
DA:13,9
DA:14,9
DA:15,9
DA:16,10
DA:17,10
DA:18,10
DA:19,9
DA:20,5
DA:21,5
DA:22,9
DA:23,4
DA:24,4
DA:25,4
DA:26,4
DA:27,9
LF:27
LH:27
BRDA:7,0,0,9
BRDA:7,1,0,9
BRDA:15,2,0,10
BRDA:19,3,0,7
BRDA:19,4,0,5
BRDA:22,5,0,4
BRF:6
BRH:6
end_of_record
